2022-07-04 17:19:30,771 :: app.URLDownloader:47 - CRITICAL - Requests: ConnectionError
2022-07-04 17:21:28,646 :: app.URLDownloader:47 - CRITICAL - Requests: ConnectionError
2022-07-04 17:25:00,800 :: app.URLDownloader:57 - INFO - File trendcore-io-level-.html has been downloaded
2022-07-04 17:25:00,853 :: app.URLDownloader:153 - INFO - Start parce 'img' files
2022-07-04 17:25:00,875 :: app.URLDownloader:187 - INFO - 'img' files seccesfully parcerd
2022-07-04 17:25:00,882 :: app.URLDownloader:200 - INFO - Folder trendcore-io-level-_files created
2022-07-04 17:25:14,866 :: app.URLDownloader:239 - INFO - Image seccsesfully downloaded
2022-07-04 17:25:25,658 :: app.URLDownloader:239 - INFO - Image seccsesfully downloaded
2022-07-04 17:25:26,731 :: app.URLDownloader:239 - INFO - Image seccsesfully downloaded
2022-07-04 17:25:27,623 :: app.URLDownloader:239 - INFO - Image seccsesfully downloaded
2022-07-04 17:25:28,633 :: app.URLDownloader:239 - INFO - Image seccsesfully downloaded
2022-07-04 17:25:28,710 :: app.URLDownloader:277 - INFO - Links rewrited
2022-07-04 17:25:28,741 :: app.URLDownloader:153 - INFO - Start parce 'css' files
2022-07-04 17:25:28,768 :: app.URLDownloader:187 - INFO - 'css' files seccesfully parcerd
2022-07-04 17:25:32,185 :: app.URLDownloader:246 - INFO - css file seccsesfully downloaded
2022-07-04 17:25:32,264 :: app.URLDownloader:277 - INFO - Links rewrited
2022-07-04 17:25:32,395 :: app.URLDownloader:153 - INFO - Start parce 'js' files
2022-07-04 17:25:32,444 :: app.URLDownloader:187 - INFO - 'js' files seccesfully parcerd
2022-07-04 17:25:33,419 :: app.URLDownloader:246 - INFO - js file seccsesfully downloaded
2022-07-04 17:25:34,154 :: app.URLDownloader:246 - INFO - js file seccsesfully downloaded
2022-07-04 17:25:34,225 :: app.URLDownloader:277 - INFO - Links rewrited
2022-07-04 17:25:34,925 :: app.URLDownloader:57 - INFO - File trendcore-io-level-.html has been downloaded
2022-07-04 17:25:34,967 :: app.URLDownloader:153 - INFO - Start parce 'img' files
2022-07-04 17:25:34,988 :: app.URLDownloader:187 - INFO - 'img' files seccesfully parcerd
2022-07-04 17:26:19,061 :: app.URLDownloader:57 - INFO - File page-loader-hexlet-repl-co-.html has been downloaded
2022-07-04 17:26:19,082 :: app.URLDownloader:153 - INFO - Start parce 'img' files
2022-07-04 17:26:19,090 :: app.URLDownloader:187 - INFO - 'img' files seccesfully parcerd
2022-07-04 17:26:19,099 :: app.URLDownloader:200 - INFO - Folder page-loader-hexlet-repl-co-_files created
2022-07-04 17:37:38,838 :: app.URLDownloader:57 - INFO - File page-loader-hexlet-repl-co-.html has been downloaded
2022-07-04 17:37:38,847 :: app.URLDownloader:155 - INFO - Start parce 'img' files
2022-07-04 17:37:38,852 :: app.URLDownloader:189 - INFO - 'img' files seccesfully parcerd
2022-07-04 17:38:37,539 :: app.URLDownloader:57 - INFO - File page-loader-hexlet-repl-co-.html has been downloaded
2022-07-04 17:38:37,554 :: app.URLDownloader:155 - INFO - Start parce 'img' files
2022-07-04 17:38:37,567 :: app.URLDownloader:189 - INFO - 'img' files seccesfully parcerd
2022-07-04 17:42:29,374 :: app.URLDownloader:57 - INFO - File page-loader-hexlet-repl-co-.html has been downloaded
2022-07-04 17:42:29,383 :: app.URLDownloader:155 - INFO - Start parce 'img' files
2022-07-04 17:42:29,392 :: app.URLDownloader:189 - INFO - 'img' files seccesfully parcerd
2022-07-04 17:42:37,806 :: app.URLDownloader:241 - INFO - Image seccsesfully downloaded
2022-07-04 17:42:37,843 :: app.URLDownloader:279 - INFO - Links rewrited
2022-07-04 17:42:37,854 :: app.URLDownloader:155 - INFO - Start parce 'css' files
2022-07-04 17:42:37,861 :: app.URLDownloader:189 - INFO - 'css' files seccesfully parcerd
2022-07-04 17:42:59,443 :: app.URLDownloader:248 - INFO - css file seccsesfully downloaded
2022-07-04 17:42:59,481 :: app.URLDownloader:279 - INFO - Links rewrited
2022-07-04 17:42:59,490 :: app.URLDownloader:155 - INFO - Start parce 'js' files
2022-07-04 17:42:59,495 :: app.URLDownloader:189 - INFO - 'js' files seccesfully parcerd
2022-07-04 17:43:25,648 :: app.URLDownloader:57 - INFO - File page-loader-hexlet-repl-co-.html has been downloaded
2022-07-04 17:43:25,666 :: app.URLDownloader:155 - INFO - Start parce 'img' files
2022-07-04 17:43:25,675 :: app.URLDownloader:189 - INFO - 'img' files seccesfully parcerd
2022-07-04 17:43:26,768 :: app.URLDownloader:241 - INFO - Image seccsesfully downloaded
2022-07-04 17:43:26,789 :: app.URLDownloader:279 - INFO - Links rewrited
2022-07-04 17:43:26,796 :: app.URLDownloader:155 - INFO - Start parce 'css' files
2022-07-04 17:43:26,797 :: app.URLDownloader:189 - INFO - 'css' files seccesfully parcerd
2022-07-04 17:43:28,451 :: app.URLDownloader:248 - INFO - css file seccsesfully downloaded
2022-07-04 17:43:28,484 :: app.URLDownloader:279 - INFO - Links rewrited
2022-07-04 17:43:28,495 :: app.URLDownloader:155 - INFO - Start parce 'js' files
2022-07-04 17:43:28,498 :: app.URLDownloader:189 - INFO - 'js' files seccesfully parcerd
2022-07-04 17:43:33,268 :: app.URLDownloader:248 - INFO - js file seccsesfully downloaded
2022-07-04 17:43:33,280 :: app.URLDownloader:279 - INFO - Links rewrited
2022-07-04 17:43:34,034 :: app.URLDownloader:57 - INFO - File page-loader-hexlet-repl-co-.html has been downloaded
2022-07-04 17:43:34,037 :: app.URLDownloader:155 - INFO - Start parce 'img' files
2022-07-04 17:43:34,039 :: app.URLDownloader:189 - INFO - 'img' files seccesfully parcerd
2022-07-04 17:43:34,921 :: app.URLDownloader:241 - INFO - Image seccsesfully downloaded
2022-07-04 17:43:34,934 :: app.URLDownloader:279 - INFO - Links rewrited
2022-07-04 17:43:34,939 :: app.URLDownloader:155 - INFO - Start parce 'css' files
2022-07-04 17:43:34,941 :: app.URLDownloader:189 - INFO - 'css' files seccesfully parcerd
2022-07-04 17:43:35,787 :: app.URLDownloader:248 - INFO - css file seccsesfully downloaded
2022-07-04 17:43:35,799 :: app.URLDownloader:279 - INFO - Links rewrited
2022-07-04 17:43:35,804 :: app.URLDownloader:155 - INFO - Start parce 'js' files
2022-07-04 17:43:35,807 :: app.URLDownloader:189 - INFO - 'js' files seccesfully parcerd
2022-07-04 17:43:37,545 :: app.URLDownloader:248 - INFO - js file seccsesfully downloaded
2022-07-04 17:43:37,555 :: app.URLDownloader:279 - INFO - Links rewrited
2022-07-04 17:43:54,683 :: app.URLDownloader:57 - INFO - File page-loader-hexlet-repl-co-.html has been downloaded
2022-07-04 17:43:54,703 :: app.URLDownloader:155 - INFO - Start parce 'img' files
2022-07-04 17:43:54,715 :: app.URLDownloader:189 - INFO - 'img' files seccesfully parcerd
2022-07-04 17:43:55,927 :: app.URLDownloader:239 - INFO - Image seccsesfully downloaded
2022-07-04 17:43:55,956 :: app.URLDownloader:277 - INFO - Links rewrited
2022-07-04 17:43:55,972 :: app.URLDownloader:155 - INFO - Start parce 'css' files
2022-07-04 17:43:55,975 :: app.URLDownloader:189 - INFO - 'css' files seccesfully parcerd
2022-07-04 17:43:57,204 :: app.URLDownloader:246 - INFO - css file seccsesfully downloaded
2022-07-04 17:43:57,238 :: app.URLDownloader:277 - INFO - Links rewrited
2022-07-04 17:43:57,254 :: app.URLDownloader:155 - INFO - Start parce 'js' files
2022-07-04 17:43:57,256 :: app.URLDownloader:189 - INFO - 'js' files seccesfully parcerd
2022-07-04 17:43:58,442 :: app.URLDownloader:246 - INFO - js file seccsesfully downloaded
2022-07-04 17:43:58,473 :: app.URLDownloader:277 - INFO - Links rewrited
2022-07-04 17:44:28,012 :: app.URLDownloader:57 - INFO - File trendcore-io-level-.html has been downloaded
2022-07-04 17:44:28,067 :: app.URLDownloader:155 - INFO - Start parce 'img' files
2022-07-04 17:44:28,076 :: app.URLDownloader:189 - INFO - 'img' files seccesfully parcerd
2022-07-04 17:44:28,612 :: app.URLDownloader:239 - INFO - Image seccsesfully downloaded
2022-07-04 17:44:29,166 :: app.URLDownloader:239 - INFO - Image seccsesfully downloaded
2022-07-04 17:44:29,729 :: app.URLDownloader:239 - INFO - Image seccsesfully downloaded
2022-07-04 17:44:30,289 :: app.URLDownloader:239 - INFO - Image seccsesfully downloaded
2022-07-04 17:44:30,886 :: app.URLDownloader:239 - INFO - Image seccsesfully downloaded
2022-07-04 17:44:30,961 :: app.URLDownloader:277 - INFO - Links rewrited
2022-07-04 17:44:31,004 :: app.URLDownloader:155 - INFO - Start parce 'css' files
2022-07-04 17:44:31,016 :: app.URLDownloader:189 - INFO - 'css' files seccesfully parcerd
2022-07-04 17:44:31,710 :: app.URLDownloader:246 - INFO - css file seccsesfully downloaded
2022-07-04 17:44:31,744 :: app.URLDownloader:277 - INFO - Links rewrited
2022-07-04 17:44:31,842 :: app.URLDownloader:155 - INFO - Start parce 'js' files
2022-07-04 17:44:31,898 :: app.URLDownloader:189 - INFO - 'js' files seccesfully parcerd
2022-07-04 17:44:32,521 :: app.URLDownloader:246 - INFO - js file seccsesfully downloaded
2022-07-04 17:44:33,112 :: app.URLDownloader:246 - INFO - js file seccsesfully downloaded
2022-07-04 17:44:33,172 :: app.URLDownloader:277 - INFO - Links rewrited
2022-07-04 17:45:20,236 :: app.URLDownloader:155 - INFO - Start parce 'img' files
2022-07-04 17:45:20,238 :: app.URLDownloader:189 - INFO - 'img' files seccesfully parcerd
2022-07-04 17:45:20,239 :: app.URLDownloader:202 - INFO - Folder page-loader-hexlet-repl-co-_files created
2022-07-04 17:45:20,250 :: app.URLDownloader:239 - INFO - Image seccsesfully downloaded
2022-07-04 17:45:20,253 :: app.URLDownloader:277 - INFO - Links rewrited
2022-07-04 17:45:20,286 :: app.URLDownloader:155 - INFO - Start parce 'css' files
2022-07-04 17:45:20,288 :: app.URLDownloader:189 - INFO - 'css' files seccesfully parcerd
2022-07-04 17:45:20,291 :: app.URLDownloader:202 - INFO - Folder page-loader-hexlet-repl-co-_files created
2022-07-04 17:45:20,294 :: app.URLDownloader:246 - INFO - css file seccsesfully downloaded
2022-07-04 17:45:20,296 :: app.URLDownloader:277 - INFO - Links rewrited
2022-07-04 17:45:20,439 :: app.URLDownloader:155 - INFO - Start parce 'js' files
2022-07-04 17:45:20,441 :: app.URLDownloader:189 - INFO - 'js' files seccesfully parcerd
2022-07-04 17:45:20,443 :: app.URLDownloader:202 - INFO - Folder page-loader-hexlet-repl-co-_files created
2022-07-04 17:45:20,446 :: app.URLDownloader:246 - INFO - js file seccsesfully downloaded
2022-07-04 17:45:20,450 :: app.URLDownloader:277 - INFO - Links rewrited
2022-07-04 17:45:20,498 :: app.URLDownloader:57 - INFO - File page-loader-hexlet-repl-co-.html has been downloaded
2022-07-04 17:45:22,583 :: app.URLDownloader:47 - CRITICAL - Requests: ConnectionError
2022-07-04 17:52:37,198 :: app.URLDownloader:57 - INFO - File trendcore-io-level-.html has been downloaded
2022-07-04 17:52:37,250 :: app.URLDownloader:155 - INFO - Start parce 'img' files
2022-07-04 17:52:37,259 :: app.URLDownloader:184 - INFO - 'img' files seccesfully parcerd
2022-07-04 17:52:37,264 :: app.URLDownloader:197 - INFO - Folder trendcore-io-level-_files created
2022-07-04 17:52:37,835 :: app.URLDownloader:236 - INFO - Image seccsesfully downloaded
2022-07-04 17:52:38,397 :: app.URLDownloader:236 - INFO - Image seccsesfully downloaded
2022-07-04 17:52:38,955 :: app.URLDownloader:236 - INFO - Image seccsesfully downloaded
2022-07-04 17:52:39,647 :: app.URLDownloader:236 - INFO - Image seccsesfully downloaded
2022-07-04 17:52:40,596 :: app.URLDownloader:236 - INFO - Image seccsesfully downloaded
2022-07-04 17:54:15,573 :: app.URLDownloader:57 - INFO - File trendcore-io-level-.html has been downloaded
2022-07-04 17:54:15,640 :: app.URLDownloader:155 - INFO - Start parce 'img' files
2022-07-04 17:54:15,648 :: app.URLDownloader:184 - INFO - 'img' files seccesfully parcerd
2022-07-04 17:54:15,653 :: app.URLDownloader:197 - INFO - Folder trendcore-io-level-_files created
2022-07-04 17:54:16,219 :: app.URLDownloader:236 - INFO - Image seccsesfully downloaded
2022-07-04 17:54:16,763 :: app.URLDownloader:236 - INFO - Image seccsesfully downloaded
2022-07-04 17:54:17,362 :: app.URLDownloader:236 - INFO - Image seccsesfully downloaded
2022-07-04 17:54:17,920 :: app.URLDownloader:236 - INFO - Image seccsesfully downloaded
2022-07-04 17:54:18,476 :: app.URLDownloader:236 - INFO - Image seccsesfully downloaded
2022-07-04 17:54:18,492 :: app.URLDownloader:264 - INFO - Start parce 'img' files
2022-07-04 17:54:18,524 :: app.URLDownloader:293 - INFO - 'img' files seccesfully parcerd
2022-07-04 17:54:18,536 :: app.URLDownloader:155 - INFO - Start parce 'css' files
2022-07-04 17:54:18,546 :: app.URLDownloader:184 - INFO - 'css' files seccesfully parcerd
2022-07-04 17:54:19,293 :: app.URLDownloader:243 - INFO - css file seccsesfully downloaded
2022-07-04 17:54:19,309 :: app.URLDownloader:264 - INFO - Start parce 'css' files
2022-07-04 17:54:19,331 :: app.URLDownloader:293 - INFO - 'css' files seccesfully parcerd
2022-07-04 17:54:19,340 :: app.URLDownloader:155 - INFO - Start parce 'js' files
2022-07-04 17:54:19,352 :: app.URLDownloader:184 - INFO - 'js' files seccesfully parcerd
2022-07-04 17:54:20,010 :: app.URLDownloader:243 - INFO - js file seccsesfully downloaded
2022-07-04 17:54:20,609 :: app.URLDownloader:243 - INFO - js file seccsesfully downloaded
2022-07-04 17:54:20,624 :: app.URLDownloader:264 - INFO - Start parce 'js' files
2022-07-04 17:54:20,651 :: app.URLDownloader:293 - INFO - 'js' files seccesfully parcerd
2022-07-04 17:56:21,441 :: app.URLDownloader:57 - INFO - File page-loader-hexlet-repl-co-.html has been downloaded
2022-07-04 17:56:21,459 :: app.URLDownloader:155 - INFO - Start parce 'img' files
2022-07-04 17:56:21,463 :: app.URLDownloader:184 - INFO - 'img' files seccesfully parcerd
2022-07-04 17:56:21,481 :: app.URLDownloader:197 - INFO - Folder page-loader-hexlet-repl-co-_files created
2022-07-04 17:56:22,328 :: app.URLDownloader:236 - INFO - Image seccsesfully downloaded
2022-07-04 17:56:22,350 :: app.URLDownloader:265 - INFO - Start parce 'img' files
2022-07-04 17:56:22,355 :: app.URLDownloader:294 - INFO - 'img' files seccesfully parcerd
2022-07-04 17:56:22,365 :: app.URLDownloader:155 - INFO - Start parce 'css' files
2022-07-04 17:56:22,368 :: app.URLDownloader:184 - INFO - 'css' files seccesfully parcerd
2022-07-04 17:56:23,210 :: app.URLDownloader:243 - INFO - css file seccsesfully downloaded
2022-07-04 17:56:23,231 :: app.URLDownloader:265 - INFO - Start parce 'css' files
2022-07-04 17:56:23,234 :: app.URLDownloader:294 - INFO - 'css' files seccesfully parcerd
2022-07-04 17:56:23,247 :: app.URLDownloader:155 - INFO - Start parce 'js' files
2022-07-04 17:56:23,256 :: app.URLDownloader:184 - INFO - 'js' files seccesfully parcerd
2022-07-04 17:56:24,246 :: app.URLDownloader:243 - INFO - js file seccsesfully downloaded
2022-07-04 17:56:24,258 :: app.URLDownloader:265 - INFO - Start parce 'js' files
2022-07-04 17:56:24,263 :: app.URLDownloader:294 - INFO - 'js' files seccesfully parcerd
2022-07-04 17:56:43,126 :: app.URLDownloader:57 - INFO - File trendcore-io-level-.html has been downloaded
2022-07-04 17:56:43,186 :: app.URLDownloader:155 - INFO - Start parce 'img' files
2022-07-04 17:56:43,194 :: app.URLDownloader:184 - INFO - 'img' files seccesfully parcerd
2022-07-04 17:56:43,856 :: app.URLDownloader:236 - INFO - Image seccsesfully downloaded
2022-07-04 17:56:44,407 :: app.URLDownloader:236 - INFO - Image seccsesfully downloaded
2022-07-04 17:56:44,968 :: app.URLDownloader:236 - INFO - Image seccsesfully downloaded
2022-07-04 17:56:45,446 :: app.URLDownloader:236 - INFO - Image seccsesfully downloaded
2022-07-04 17:56:46,008 :: app.URLDownloader:236 - INFO - Image seccsesfully downloaded
2022-07-04 17:56:46,030 :: app.URLDownloader:265 - INFO - Start parce 'img' files
2022-07-04 17:56:46,063 :: app.URLDownloader:294 - INFO - 'img' files seccesfully parcerd
2022-07-04 17:56:46,074 :: app.URLDownloader:155 - INFO - Start parce 'css' files
2022-07-04 17:56:46,082 :: app.URLDownloader:184 - INFO - 'css' files seccesfully parcerd
2022-07-04 17:56:46,773 :: app.URLDownloader:243 - INFO - css file seccsesfully downloaded
2022-07-04 17:56:46,792 :: app.URLDownloader:265 - INFO - Start parce 'css' files
2022-07-04 17:56:46,821 :: app.URLDownloader:294 - INFO - 'css' files seccesfully parcerd
2022-07-04 17:56:46,829 :: app.URLDownloader:155 - INFO - Start parce 'js' files
2022-07-04 17:56:46,843 :: app.URLDownloader:184 - INFO - 'js' files seccesfully parcerd
2022-07-04 17:56:47,521 :: app.URLDownloader:243 - INFO - js file seccsesfully downloaded
2022-07-04 17:56:48,040 :: app.URLDownloader:243 - INFO - js file seccsesfully downloaded
2022-07-04 17:56:48,048 :: app.URLDownloader:265 - INFO - Start parce 'js' files
2022-07-04 17:56:48,065 :: app.URLDownloader:294 - INFO - 'js' files seccesfully parcerd
2022-07-04 18:01:06,873 :: app.URLDownloader:57 - INFO - File trendcore-io-level-.html has been downloaded
2022-07-04 18:01:06,923 :: app.URLDownloader:155 - INFO - Start parce 'img' files
2022-07-04 18:01:06,932 :: app.URLDownloader:184 - INFO - 'img' files seccesfully parcerd
2022-07-04 18:01:07,545 :: app.URLDownloader:238 - INFO - Image seccsesfully downloaded
2022-07-04 18:01:08,067 :: app.URLDownloader:238 - INFO - Image seccsesfully downloaded
2022-07-04 18:01:08,791 :: app.URLDownloader:238 - INFO - Image seccsesfully downloaded
2022-07-04 18:01:09,428 :: app.URLDownloader:238 - INFO - Image seccsesfully downloaded
2022-07-04 18:01:10,025 :: app.URLDownloader:238 - INFO - Image seccsesfully downloaded
2022-07-04 18:01:10,041 :: app.URLDownloader:266 - INFO - Start parce 'img' files
2022-07-04 18:01:10,080 :: app.URLDownloader:295 - INFO - 'img' files seccesfully parcerd
2022-07-04 18:01:10,089 :: app.URLDownloader:155 - INFO - Start parce 'css' files
2022-07-04 18:01:10,097 :: app.URLDownloader:184 - INFO - 'css' files seccesfully parcerd
2022-07-04 18:01:10,786 :: app.URLDownloader:245 - INFO - css file seccsesfully downloaded
2022-07-04 18:01:10,800 :: app.URLDownloader:266 - INFO - Start parce 'css' files
2022-07-04 18:01:10,816 :: app.URLDownloader:295 - INFO - 'css' files seccesfully parcerd
2022-07-04 18:01:10,824 :: app.URLDownloader:155 - INFO - Start parce 'js' files
2022-07-04 18:01:10,848 :: app.URLDownloader:184 - INFO - 'js' files seccesfully parcerd
2022-07-04 18:01:11,438 :: app.URLDownloader:245 - INFO - js file seccsesfully downloaded
2022-07-04 18:01:11,968 :: app.URLDownloader:245 - INFO - js file seccsesfully downloaded
2022-07-04 18:01:11,981 :: app.URLDownloader:266 - INFO - Start parce 'js' files
2022-07-04 18:01:12,000 :: app.URLDownloader:295 - INFO - 'js' files seccesfully parcerd
2022-07-04 18:01:20,464 :: app.URLDownloader:57 - INFO - File page-loader-hexlet-repl-co-.html has been downloaded
2022-07-04 18:01:20,485 :: app.URLDownloader:155 - INFO - Start parce 'img' files
2022-07-04 18:01:20,494 :: app.URLDownloader:184 - INFO - 'img' files seccesfully parcerd
2022-07-04 18:01:21,398 :: app.URLDownloader:238 - INFO - Image seccsesfully downloaded
2022-07-04 18:01:21,413 :: app.URLDownloader:266 - INFO - Start parce 'img' files
2022-07-04 18:01:21,417 :: app.URLDownloader:295 - INFO - 'img' files seccesfully parcerd
2022-07-04 18:01:21,433 :: app.URLDownloader:155 - INFO - Start parce 'css' files
2022-07-04 18:01:21,434 :: app.URLDownloader:184 - INFO - 'css' files seccesfully parcerd
2022-07-04 18:01:22,303 :: app.URLDownloader:245 - INFO - css file seccsesfully downloaded
2022-07-04 18:01:22,316 :: app.URLDownloader:266 - INFO - Start parce 'css' files
2022-07-04 18:01:22,321 :: app.URLDownloader:295 - INFO - 'css' files seccesfully parcerd
2022-07-04 18:01:22,338 :: app.URLDownloader:155 - INFO - Start parce 'js' files
2022-07-04 18:01:22,341 :: app.URLDownloader:184 - INFO - 'js' files seccesfully parcerd
2022-07-04 18:01:23,220 :: app.URLDownloader:245 - INFO - js file seccsesfully downloaded
2022-07-04 18:01:23,233 :: app.URLDownloader:266 - INFO - Start parce 'js' files
2022-07-04 18:01:23,237 :: app.URLDownloader:295 - INFO - 'js' files seccesfully parcerd
2022-07-04 18:06:52,910 :: app.URLDownloader:155 - INFO - Start parce 'img' files
2022-07-04 18:06:52,913 :: app.URLDownloader:184 - INFO - 'img' files seccesfully parcerd
2022-07-04 18:06:52,913 :: app.URLDownloader:197 - INFO - Folder page-loader-hexlet-repl-co-_files created
2022-07-04 18:06:52,929 :: app.URLDownloader:234 - INFO - Image seccsesfully downloaded
2022-07-04 18:06:52,932 :: app.URLDownloader:272 - INFO - Links rewrited
2022-07-04 18:06:52,967 :: app.URLDownloader:155 - INFO - Start parce 'css' files
2022-07-04 18:06:52,969 :: app.URLDownloader:184 - INFO - 'css' files seccesfully parcerd
2022-07-04 18:06:52,970 :: app.URLDownloader:197 - INFO - Folder page-loader-hexlet-repl-co-_files created
2022-07-04 18:06:52,977 :: app.URLDownloader:241 - INFO - css file seccsesfully downloaded
2022-07-04 18:06:52,979 :: app.URLDownloader:272 - INFO - Links rewrited
2022-07-04 18:06:53,009 :: app.URLDownloader:155 - INFO - Start parce 'js' files
2022-07-04 18:06:53,011 :: app.URLDownloader:184 - INFO - 'js' files seccesfully parcerd
2022-07-04 18:06:53,012 :: app.URLDownloader:197 - INFO - Folder page-loader-hexlet-repl-co-_files created
2022-07-04 18:06:53,017 :: app.URLDownloader:241 - INFO - js file seccsesfully downloaded
2022-07-04 18:06:53,020 :: app.URLDownloader:272 - INFO - Links rewrited
2022-07-04 18:06:53,040 :: app.URLDownloader:57 - INFO - File page-loader-hexlet-repl-co-.html has been downloaded
2022-07-04 18:06:55,107 :: app.URLDownloader:47 - CRITICAL - Requests: ConnectionError
2022-07-04 18:07:20,987 :: app.URLDownloader:57 - INFO - File page-loader-hexlet-repl-co-.html has been downloaded
2022-07-04 18:07:21,004 :: app.URLDownloader:155 - INFO - Start parce 'img' files
2022-07-04 18:07:21,012 :: app.URLDownloader:184 - INFO - 'img' files seccesfully parcerd
2022-07-04 18:07:21,019 :: app.URLDownloader:197 - INFO - Folder page-loader-hexlet-repl-co-_files created
2022-07-04 18:07:25,429 :: app.URLDownloader:234 - INFO - Image seccsesfully downloaded
2022-07-04 18:07:25,461 :: app.URLDownloader:272 - INFO - Links rewrited
2022-07-04 18:07:25,467 :: app.URLDownloader:155 - INFO - Start parce 'css' files
2022-07-04 18:07:25,470 :: app.URLDownloader:184 - INFO - 'css' files seccesfully parcerd
2022-07-04 18:07:30,799 :: app.URLDownloader:241 - INFO - css file seccsesfully downloaded
2022-07-04 18:07:30,823 :: app.URLDownloader:272 - INFO - Links rewrited
2022-07-04 18:07:30,831 :: app.URLDownloader:155 - INFO - Start parce 'js' files
2022-07-04 18:07:30,835 :: app.URLDownloader:184 - INFO - 'js' files seccesfully parcerd
2022-07-04 18:07:32,083 :: app.URLDownloader:241 - INFO - js file seccsesfully downloaded
2022-07-04 18:07:32,107 :: app.URLDownloader:272 - INFO - Links rewrited
2022-07-04 18:08:14,108 :: app.URLDownloader:57 - INFO - File trendcore-io-level-.html has been downloaded
2022-07-04 18:08:14,166 :: app.URLDownloader:155 - INFO - Start parce 'img' files
2022-07-04 18:08:14,174 :: app.URLDownloader:184 - INFO - 'img' files seccesfully parcerd
2022-07-04 18:08:14,180 :: app.URLDownloader:197 - INFO - Folder trendcore-io-level-_files created
2022-07-04 18:08:14,668 :: app.URLDownloader:234 - INFO - Image seccsesfully downloaded
2022-07-04 18:08:15,095 :: app.URLDownloader:234 - INFO - Image seccsesfully downloaded
2022-07-04 18:08:15,553 :: app.URLDownloader:234 - INFO - Image seccsesfully downloaded
2022-07-04 18:08:16,070 :: app.URLDownloader:234 - INFO - Image seccsesfully downloaded
2022-07-04 18:08:16,600 :: app.URLDownloader:234 - INFO - Image seccsesfully downloaded
2022-07-04 18:08:16,642 :: app.URLDownloader:272 - INFO - Links rewrited
2022-07-04 18:08:16,679 :: app.URLDownloader:155 - INFO - Start parce 'css' files
2022-07-04 18:08:16,695 :: app.URLDownloader:184 - INFO - 'css' files seccesfully parcerd
2022-07-04 18:08:17,647 :: app.URLDownloader:241 - INFO - css file seccsesfully downloaded
2022-07-04 18:08:17,711 :: app.URLDownloader:272 - INFO - Links rewrited
2022-07-04 18:08:17,746 :: app.URLDownloader:155 - INFO - Start parce 'js' files
2022-07-04 18:08:17,756 :: app.URLDownloader:184 - INFO - 'js' files seccesfully parcerd
2022-07-04 18:08:18,321 :: app.URLDownloader:241 - INFO - js file seccsesfully downloaded
2022-07-04 18:08:18,995 :: app.URLDownloader:241 - INFO - js file seccsesfully downloaded
2022-07-04 18:08:19,035 :: app.URLDownloader:272 - INFO - Links rewrited
2022-07-04 18:13:13,501 :: app.URLDownloader:155 - INFO - Start parce 'img' files
2022-07-04 18:13:13,503 :: app.URLDownloader:184 - INFO - 'img' files seccesfully parcerd
2022-07-04 18:13:13,504 :: app.URLDownloader:197 - INFO - Folder page-loader-hexlet-repl-co-_files created
2022-07-04 18:13:13,538 :: app.URLDownloader:234 - INFO - Image seccsesfully downloaded
2022-07-04 18:13:13,553 :: app.URLDownloader:272 - INFO - Links rewrited
2022-07-04 18:13:13,672 :: app.URLDownloader:155 - INFO - Start parce 'css' files
2022-07-04 18:13:13,674 :: app.URLDownloader:184 - INFO - 'css' files seccesfully parcerd
2022-07-04 18:13:13,675 :: app.URLDownloader:197 - INFO - Folder page-loader-hexlet-repl-co-_files created
2022-07-04 18:13:13,678 :: app.URLDownloader:241 - INFO - css file seccsesfully downloaded
2022-07-04 18:13:13,681 :: app.URLDownloader:272 - INFO - Links rewrited
2022-07-04 18:13:13,706 :: app.URLDownloader:155 - INFO - Start parce 'js' files
2022-07-04 18:13:13,708 :: app.URLDownloader:184 - INFO - 'js' files seccesfully parcerd
2022-07-04 18:13:13,708 :: app.URLDownloader:197 - INFO - Folder page-loader-hexlet-repl-co-_files created
2022-07-04 18:13:13,711 :: app.URLDownloader:241 - INFO - js file seccsesfully downloaded
2022-07-04 18:13:13,723 :: app.URLDownloader:272 - INFO - Links rewrited
2022-07-04 18:13:13,761 :: app.URLDownloader:57 - INFO - File page-loader-hexlet-repl-co-.html has been downloaded
2022-07-04 18:13:15,831 :: app.URLDownloader:47 - CRITICAL - Requests: ConnectionError
